This is pdfTeX, Version 3.141592653-2.6-1.40.25 (TeX Live 2023/Arch Linux) (preloaded format=pdflatex 2023.6.25)  6 JUL 2023 23:28
entering extended mode
 restricted \write18 enabled.
 %&-line parsing enabled.
**/home/snaags/cava/scripts/HPO/config.json
(/home/snaags/cava/scripts/HPO/config.json
LaTeX2e <2022-11-01> patch level 1
L3 programming layer <2023-02-22>

! LaTeX Error: Missing \begin{document}.

See the LaTeX manual or LaTeX Companion for explanation.
Type  H <return>  for immediate help.
 ...                                              
                                                  
l.2   "
       WORKER_MODULE_NAME": "data_worker",
? 
! Emergency stop.
 ...                                              
                                                  
l.2   "
       WORKER_MODULE_NAME": "data_worker",
You're in trouble here.  Try typing  <return>  to proceed.
If that doesn't work, type  X <return>  to quit.

 
Here is how much of TeX's memory you used:
 19 strings out of 476872
 618 string characters out of 5820378
 1849388 words of memory out of 5000000
 20486 multiletter control sequences out of 15000+600000
 512287 words of font info for 32 fonts, out of 8000000 for 9000
 725 hyphenation exceptions out of 8191
 13i,0n,12p,112b,18s stack positions out of 10000i,1000n,20000p,200000b,200000s
!  ==> Fatal error occurred, no output PDF file produced!
